<?xml version="1.0" encoding="UTF-8"?>
<!-- Generated by org.testng.reporters.JUnitXMLReporter -->
<testsuite ignored="0" hostname="LAPTOP-3LHL5QB2" failures="4" tests="4" name="Test" time="87.04" errors="0" timestamp="2024-10-26T15:54:46 IST">
  <testcase classname="com.Swag.Testcases.SwagCheckoutPage" name="checkOutPage" time="6.006">
    <failure type="java.lang.NullPointerException">
      <![CDATA[java.lang.NullPointerException
at com.Swag.Pageobjects.SwagLabsCartPage.addCart(SwagLabsCartPage.java:27)
at com.Swag.Testcases.SwagCheckoutPage.checkOutPage(SwagCheckoutPage.java:31)
at java.base/java.util.ArrayList.forEach(ArrayList.java:1507)
... Removed 27 stack frames]]>
    </failure>
  </testcase> <!-- checkOutPage -->
  <testcase classname="com.Swag.Testcases.SwagCheckoutPage" name="checkOutPage" time="15.6">
    <failure type="java.lang.NullPointerException">
      <![CDATA[java.lang.NullPointerException
at org.openqa.selenium.support.ui.WebDriverWait.timeoutException(WebDriverWait.java:85)
at org.openqa.selenium.support.ui.FluentWait.until(FluentWait.java:228)
at com.Swag.Testcases.Base.waits(Base.java:103)
at com.Swag.Pageobjects.SwagLabsLoginPage.userName1(SwagLabsLoginPage.java:38)
at com.Swag.Testcases.SwagCheckoutPage.checkOutPage(SwagCheckoutPage.java:23)
at java.base/java.util.ArrayList.forEach(ArrayList.java:1507)
... Removed 27 stack frames]]>
    </failure>
  </testcase> <!-- checkOutPage -->
  <testcase classname="com.Swag.Testcases.SwagCheckoutPage" name="checkOutPage" time="15.605">
    <failure type="java.lang.NullPointerException">
      <![CDATA[java.lang.NullPointerException
at org.openqa.selenium.support.ui.WebDriverWait.timeoutException(WebDriverWait.java:85)
at org.openqa.selenium.support.ui.FluentWait.until(FluentWait.java:228)
at com.Swag.Testcases.Base.waits(Base.java:103)
at com.Swag.Pageobjects.SwagLabsLoginPage.userName1(SwagLabsLoginPage.java:38)
at com.Swag.Testcases.SwagCheckoutPage.checkOutPage(SwagCheckoutPage.java:23)
at java.base/java.util.ArrayList.forEach(ArrayList.java:1507)
... Removed 27 stack frames]]>
    </failure>
  </testcase> <!-- checkOutPage -->
  <testcase classname="com.Swag.Testcases.SwagCheckoutPage" name="checkOutPage" time="15.593">
    <failure type="java.lang.NullPointerException">
      <![CDATA[java.lang.NullPointerException
at org.openqa.selenium.support.ui.WebDriverWait.timeoutException(WebDriverWait.java:85)
at org.openqa.selenium.support.ui.FluentWait.until(FluentWait.java:228)
at com.Swag.Testcases.Base.waits(Base.java:103)
at com.Swag.Pageobjects.SwagLabsLoginPage.userName1(SwagLabsLoginPage.java:38)
at com.Swag.Testcases.SwagCheckoutPage.checkOutPage(SwagCheckoutPage.java:23)
at java.base/java.util.ArrayList.forEach(ArrayList.java:1507)
... Removed 27 stack frames]]>
    </failure>
  </testcase> <!-- checkOutPage -->
</testsuite> <!-- Test -->
