<?xml version="1.0" encoding="UTF-8"?>
<testng-results ignored="0" total="4" passed="4" failed="0" skipped="0">
  <reporter-output>
  </reporter-output>
  <suite started-at="2024-07-02T13:40:10 IST" name="Suite" finished-at="2024-07-02T13:40:23 IST" duration-ms="13416">
    <groups>
    </groups>
    <test started-at="2024-07-02T13:40:10 IST" name="Test" finished-at="2024-07-02T13:40:23 IST" duration-ms="13416">
      <class name="com.Swag.Testcases.SwagaddtoCart">
        <test-method is-config="true" signature="setup(java.lang.String)[pri:0, instance:com.Swag.Testcases.SwagaddtoCart@22ff4249]" started-at="2024-07-02T13:40:10 IST" name="setup" finished-at="2024-07-02T13:40:17 IST" duration-ms="6733" status="PASS">
          <params>
            <param index="0">
              <value>
                <![CDATA[chrome]]>
              </value>
            </param>
          </params>
          <reporter-output>
          </reporter-output>
        </test-method> <!-- setup -->
        <test-method signature="verifyCart(java.lang.String,java.lang.String)[pri:0, instance:com.Swag.Testcases.SwagaddtoCart@22ff4249]" started-at="2024-07-02T13:40:19 IST" name="verifyCart" data-provider="testdata" finished-at="2024-07-02T13:40:20 IST" duration-ms="693" status="PASS">
          <params>
            <param index="0">
              <value>
                <![CDATA[standard_user]]>
              </value>
            </param>
            <param index="1">
              <value>
                <![CDATA[secret_sauc]]>
              </value>
            </param>
          </params>
          <reporter-output>
          </reporter-output>
        </test-method> <!-- verifyCart -->
        <test-method signature="verifyCart(java.lang.String,java.lang.String)[pri:0, instance:com.Swag.Testcases.SwagaddtoCart@22ff4249]" started-at="2024-07-02T13:40:20 IST" name="verifyCart" data-provider="testdata" finished-at="2024-07-02T13:40:21 IST" duration-ms="605" status="PASS">
          <params>
            <param index="0">
              <value>
                <![CDATA[standard_user]]>
              </value>
            </param>
            <param index="1">
              <value>
                <![CDATA[secret_sauc]]>
              </value>
            </param>
          </params>
          <reporter-output>
          </reporter-output>
        </test-method> <!-- verifyCart -->
        <test-method signature="verifyCart(java.lang.String,java.lang.String)[pri:0, instance:com.Swag.Testcases.SwagaddtoCart@22ff4249]" started-at="2024-07-02T13:40:21 IST" name="verifyCart" data-provider="testdata" finished-at="2024-07-02T13:40:21 IST" duration-ms="598" status="PASS">
          <params>
            <param index="0">
              <value>
                <![CDATA[standard_user]]>
              </value>
            </param>
            <param index="1">
              <value>
                <![CDATA[secret_sauc]]>
              </value>
            </param>
          </params>
          <reporter-output>
          </reporter-output>
        </test-method> <!-- verifyCart -->
        <test-method signature="verifyCart(java.lang.String,java.lang.String)[pri:0, instance:com.Swag.Testcases.SwagaddtoCart@22ff4249]" started-at="2024-07-02T13:40:21 IST" name="verifyCart" data-provider="testdata" finished-at="2024-07-02T13:40:22 IST" duration-ms="613" status="PASS">
          <params>
            <param index="0">
              <value>
                <![CDATA[standard_user]]>
              </value>
            </param>
            <param index="1">
              <value>
                <![CDATA[secret_sauc]]>
              </value>
            </param>
          </params>
          <reporter-output>
          </reporter-output>
        </test-method> <!-- verifyCart -->
        <test-method is-config="true" signature="teardown()[pri:0, instance:com.Swag.Testcases.SwagaddtoCart@22ff4249]" started-at="2024-07-02T13:40:22 IST" name="teardown" finished-at="2024-07-02T13:40:23 IST" duration-ms="1438" status="PASS">
          <reporter-output>
          </reporter-output>
        </test-method> <!-- teardown -->
      </class> <!-- com.Swag.Testcases.SwagaddtoCart -->
    </test> <!-- Test -->
  </suite> <!-- Suite -->
</testng-results>
